Arguments: 
  C:\Program Files\nodejs\node.exe C:\Users\rahul.rathore\AppData\Roaming\npm\node_modules\yarn\bin\yarn.js add react-native@latest init ClassComponent

PATH: 
  C:\Program Files\Microsoft\jdk-11.0.18.10-hotspot\bin;C:\windows\system32;C:\windows;C:\windows\System32\Wbem;C:\windows\System32\WindowsPowerShell\v1.0\;C:\windows\System32\OpenSSH\;C:\Program Files\dotnet\;C:\ProgramData\chocolatey\bin;C:\Program Files\nodejs\;C:\Users\rahul.rathore\AppData\Local\Android\Sdk\platform-tools;C:\Users\rahul.rathore\AppData\Local\Android\Sdk\build-tools;C:\Users\rahul.rathore\AppData\Local\Android\Sdk\emulator;C:\Users\rahul.rathore\AppData\Local\Microsoft\WindowsApps;C:\Users\rahul.rathore\AppData\Local\Programs\Microsoft VS Code\bin;C:\Users\rahul.rathore\AppData\Roaming\npm;C:\Users\rahul.rathore\AppData\Local\GitHubDesktop\bin;C:\Users\rahul.rathore\AppData\Local\Android\Sdk\build-tools;C:\Users\rahul.rathore\AppData\Local\Android\Sdk\platform-tools;C:\Users\rahul.rathore\AppData\Local\Android\Sdk\emulator;

Yarn version: 
  1.22.19

Node version: 
  18.15.0

Platform: 
  win32 x64

Trace: 
  Error: https://registry.yarnpkg.com/ClassComponent: Not found
      at params.callback [as _callback] (C:\Users\rahul.rathore\AppData\Roaming\npm\node_modules\yarn\lib\cli.js:66145:18)
      at self.callback (C:\Users\rahul.rathore\AppData\Roaming\npm\node_modules\yarn\lib\cli.js:140890:22)
      at Request.emit (node:events:513:28)
      at Request.<anonymous> (C:\Users\rahul.rathore\AppData\Roaming\npm\node_modules\yarn\lib\cli.js:141862:10)
      at Request.emit (node:events:513:28)
      at IncomingMessage.<anonymous> (C:\Users\rahul.rathore\AppData\Roaming\npm\node_modules\yarn\lib\cli.js:141784:12)
      at Object.onceWrapper (node:events:627:28)
      at IncomingMessage.emit (node:events:525:35)
      at endReadableNT (node:internal/streams/readable:1359:12)
      at process.processTicksAndRejections (node:internal/process/task_queues:82:21)

npm manifest: 
  No manifest

yarn manifest: 
  No manifest

Lockfile: 
  No lockfile
